<?xml version="1.0" encoding="UTF-8"?>
<!-- Generated by org.testng.reporters.JUnitXMLReporter -->
<testsuite hostname="manish-PC" name="Internet Explorer Test" tests="2" failures="0" timestamp="22 Jun 2017 03:01:52 GMT" time="0.103" errors="0">
  <testcase name="@BeforeTest openBrowser" time="0.0" classname="com.testng.exmple.ParallelExp2">
    <failure type="java.lang.IllegalStateException" message="The driver executable does not exist: D:\IEDriverServer.exe">
      <![CDATA[java.lang.IllegalStateException: The driver executable does not exist: D:\IEDriverServer.exe
	at com.google.common.base.Preconditions.checkState(Preconditions.java:176)
	at org.openqa.selenium.remote.service.DriverService.checkExecutable(DriverService.java:117)
	at org.openqa.selenium.remote.service.DriverService.findExecutable(DriverService.java:112)
	at org.openqa.selenium.ie.InternetExplorerDriverService.access$1(InternetExplorerDriverService.java:1)
	at org.openqa.selenium.ie.InternetExplorerDriverService$Builder.build(InternetExplorerDriverService.java:177)
	at org.openqa.selenium.ie.InternetExplorerDriver.setupService(InternetExplorerDriver.java:111)
	at org.openqa.selenium.ie.InternetExplorerDriver.setup(InternetExplorerDriver.java:104)
	at org.openqa.selenium.ie.InternetExplorerDriver.<init>(InternetExplorerDriver.java:51)
	at com.testng.exmple.ParallelExp2.openBrowser(ParallelExp2.java:30)
	at java.util.concurrent.FutureTask.run(Unknown Source)
	at java.util.concurrent.ThreadPoolExecutor.runWorker(Unknown Source)
	at java.util.concurrent.ThreadPoolExecutor$Worker.run(Unknown Source)
	at java.lang.Thread.run(Unknown Source)
... Removed 14 stack frames]]>
    </failure>
  </testcase> <!-- @BeforeTest openBrowser -->
  <testcase name="@AfterTest closeBrowser" time="0.0" classname="com.testng.exmple.ParallelExp2">
    <skipped/>
  </testcase> <!-- @AfterTest closeBrowser -->
  <testcase name="login_TestCase" time="0.002" classname="com.testng.exmple.ParallelExp2">
    <skipped/>
  </testcase> <!-- login_TestCase -->
  <testcase name="search_TestCase" time="0.001" classname="com.testng.exmple.ParallelExp2">
    <skipped/>
  </testcase> <!-- search_TestCase -->
</testsuite> <!-- Internet Explorer Test -->
